<?xml version="1.0" encoding="UTF-8"?>
<!-- Generated by org.testng.reporters.JUnitReportReporter -->
<testsuite hostname="LAPTOP-P61I87S9" failures="0" tests="6" name="test.Day1" time="0.023" errors="0" timestamp="2024-02-21T08:23:18 IST" skipped="0">
  <testcase classname="test.Day1" name="testm5" time="0.002"/>
  <system-out/>
  <testcase classname="test.Day1" name="testm4" time="0.003"/>
  <system-out/>
  <testcase classname="test.Day1" name="testm6" time="0.002"/>
  <system-out/>
  <testcase classname="test.Day1" name="testm3" time="0.002"/>
  <system-out/>
  <testcase classname="test.Day1" name="testm1" time="0.007"/>
  <system-out/>
  <testcase classname="test.Day1" name="testm2" time="0.007"/>
  <system-out/>
</testsuite> <!-- test.Day1 -->
