<?xml version="1.0" encoding="UTF-8"?>
<!-- Generated by org.testng.reporters.JUnitReportReporter -->
<testsuite hostname="LAPTOP-P61I87S9" failures="0" tests="6" name="test.Day2" time="0.085" errors="0" timestamp="2024-02-21T08:23:18 IST" skipped="0">
  <testcase classname="test.Day2" name="testm3" time="0.004"/>
  <system-out/>
  <testcase classname="test.Day2" name="testm1" time="0.021"/>
  <system-out/>
  <testcase classname="test.Day2" name="testm6" time="0.042"/>
  <system-out/>
  <testcase classname="test.Day2" name="testm2" time="0.002"/>
  <system-out/>
  <testcase classname="test.Day2" name="testm4" time="0.004"/>
  <system-out/>
  <testcase classname="test.Day2" name="testm5" time="0.012"/>
  <system-out/>
</testsuite> <!-- test.Day2 -->
